mode: atomic
github.com/joshuafuller/sse/v3/client.go:38.38,40.2 1 27
github.com/joshuafuller/sse/v3/client.go:42.49,43.25 1 2
github.com/joshuafuller/sse/v3/client.go:43.25,45.3 1 2
github.com/joshuafuller/sse/v3/client.go:97.61,106.27 2 61
github.com/joshuafuller/sse/v3/client.go:106.27,108.3 1 2
github.com/joshuafuller/sse/v3/client.go:110.2,110.10 1 61
github.com/joshuafuller/sse/v3/client.go:118.75,120.2 1 29
github.com/joshuafuller/sse/v3/client.go:130.107,134.32 2 45
github.com/joshuafuller/sse/v3/client.go:134.32,136.3 1 22
github.com/joshuafuller/sse/v3/client.go:136.8,139.23 3 23
github.com/joshuafuller/sse/v3/client.go:139.23,141.4 1 0
github.com/joshuafuller/sse/v3/client.go:142.3,143.35 2 23
github.com/joshuafuller/sse/v3/client.go:146.2,146.28 1 45
github.com/joshuafuller/sse/v3/client.go:146.28,148.17 2 84
github.com/joshuafuller/sse/v3/client.go:148.17,150.4 1 18
github.com/joshuafuller/sse/v3/client.go:151.3,151.16 1 66
github.com/joshuafuller/sse/v3/client.go:151.16,151.41 1 65
github.com/joshuafuller/sse/v3/client.go:153.3,153.57 1 66
github.com/joshuafuller/sse/v3/client.go:153.57,155.18 2 1
github.com/joshuafuller/sse/v3/client.go:155.18,157.5 1 1
github.com/joshuafuller/sse/v3/client.go:158.9,159.47 1 65
github.com/joshuafuller/sse/v3/client.go:159.47,161.5 1 2
github.com/joshuafuller/sse/v3/client.go:162.4,162.40 1 63
github.com/joshuafuller/sse/v3/client.go:162.40,166.5 3 23
github.com/joshuafuller/sse/v3/client.go:167.4,169.40 3 40
github.com/joshuafuller/sse/v3/client.go:169.40,171.5 1 1
github.com/joshuafuller/sse/v3/client.go:174.3,174.43 1 39
github.com/joshuafuller/sse/v3/client.go:174.43,177.4 2 3
github.com/joshuafuller/sse/v3/client.go:179.3,183.7 4 39
github.com/joshuafuller/sse/v3/client.go:183.7,184.11 1 111
github.com/joshuafuller/sse/v3/client.go:185.27,186.15 1 38
github.com/joshuafuller/sse/v3/client.go:187.28,188.17 1 73
github.com/joshuafuller/sse/v3/client.go:193.2,193.61 1 45
github.com/joshuafuller/sse/v3/client.go:197.69,199.2 1 11
github.com/joshuafuller/sse/v3/client.go:202.101,209.12 6 12
github.com/joshuafuller/sse/v3/client.go:209.12,214.33 3 12
github.com/joshuafuller/sse/v3/client.go:214.33,216.4 1 2
github.com/joshuafuller/sse/v3/client.go:216.9,219.24 3 10
github.com/joshuafuller/sse/v3/client.go:219.24,221.5 1 0
github.com/joshuafuller/sse/v3/client.go:222.4,223.36 2 10
github.com/joshuafuller/sse/v3/client.go:226.3,226.29 1 12
github.com/joshuafuller/sse/v3/client.go:226.29,228.18 2 16
github.com/joshuafuller/sse/v3/client.go:228.18,230.5 1 0
github.com/joshuafuller/sse/v3/client.go:231.4,231.17 1 16
github.com/joshuafuller/sse/v3/client.go:231.17,231.42 1 16
github.com/joshuafuller/sse/v3/client.go:233.4,233.58 1 16
github.com/joshuafuller/sse/v3/client.go:233.58,235.19 2 0
github.com/joshuafuller/sse/v3/client.go:235.19,237.6 1 0
github.com/joshuafuller/sse/v3/client.go:238.10,239.48 1 16
github.com/joshuafuller/sse/v3/client.go:239.48,241.6 1 0
github.com/joshuafuller/sse/v3/client.go:242.5,242.41 1 16
github.com/joshuafuller/sse/v3/client.go:242.41,246.6 3 4
github.com/joshuafuller/sse/v3/client.go:247.5,249.41 3 12
github.com/joshuafuller/sse/v3/client.go:249.41,251.6 1 0
github.com/joshuafuller/sse/v3/client.go:254.4,254.44 1 12
github.com/joshuafuller/sse/v3/client.go:254.44,257.5 2 0
github.com/joshuafuller/sse/v3/client.go:259.4,259.18 1 12
github.com/joshuafuller/sse/v3/client.go:259.18,263.5 2 11
github.com/joshuafuller/sse/v3/client.go:265.4,269.8 4 12
github.com/joshuafuller/sse/v3/client.go:269.8,272.12 2 33
github.com/joshuafuller/sse/v3/client.go:273.29,274.16 1 6
github.com/joshuafuller/sse/v3/client.go:275.28,276.16 1 4
github.com/joshuafuller/sse/v3/client.go:277.28,277.28 0 23
github.com/joshuafuller/sse/v3/client.go:281.5,281.19 1 23
github.com/joshuafuller/sse/v3/client.go:281.19,282.13 1 23
github.com/joshuafuller/sse/v3/client.go:283.30,284.17 1 2
github.com/joshuafuller/sse/v3/client.go:285.21,285.21 0 21
github.com/joshuafuller/sse/v3/client.go:292.3,295.31 2 12
github.com/joshuafuller/sse/v3/client.go:295.31,297.4 1 1
github.com/joshuafuller/sse/v3/client.go:299.2,301.12 3 12
github.com/joshuafuller/sse/v3/client.go:304.106,309.2 4 54
github.com/joshuafuller/sse/v3/client.go:311.113,312.6 1 54
github.com/joshuafuller/sse/v3/client.go:312.6,314.10 1 159
github.com/joshuafuller/sse/v3/client.go:315.21,317.10 2 1
github.com/joshuafuller/sse/v3/client.go:318.11,318.11 0 158
github.com/joshuafuller/sse/v3/client.go:322.3,323.17 2 158
github.com/joshuafuller/sse/v3/client.go:323.17,324.51 1 49
github.com/joshuafuller/sse/v3/client.go:324.51,330.5 2 42
github.com/joshuafuller/sse/v3/client.go:332.4,332.29 1 7
github.com/joshuafuller/sse/v3/client.go:332.29,335.5 2 1
github.com/joshuafuller/sse/v3/client.go:336.4,337.10 2 7
github.com/joshuafuller/sse/v3/client.go:341.3,342.51 2 109
github.com/joshuafuller/sse/v3/client.go:342.51,343.21 1 109
github.com/joshuafuller/sse/v3/client.go:343.21,346.5 1 77
github.com/joshuafuller/sse/v3/client.go:346.10,349.5 1 32
github.com/joshuafuller/sse/v3/client.go:352.4,352.26 1 109
github.com/joshuafuller/sse/v3/client.go:352.26,353.74 1 2
github.com/joshuafuller/sse/v3/client.go:353.74,357.6 3 1
github.com/joshuafuller/sse/v3/client.go:363.4,363.69 1 109
github.com/joshuafuller/sse/v3/client.go:363.69,365.5 1 100
github.com/joshuafuller/sse/v3/client.go:369.3,369.10 1 106
github.com/joshuafuller/sse/v3/client.go:370.21,372.10 2 1
github.com/joshuafuller/sse/v3/client.go:373.11,373.11 0 105
github.com/joshuafuller/sse/v3/client.go:379.63,381.2 1 20
github.com/joshuafuller/sse/v3/client.go:384.95,386.2 1 5
github.com/joshuafuller/sse/v3/client.go:389.57,391.2 1 0
github.com/joshuafuller/sse/v3/client.go:394.89,396.2 1 0
github.com/joshuafuller/sse/v3/client.go:399.46,403.29 3 11
github.com/joshuafuller/sse/v3/client.go:403.29,404.10 1 11
github.com/joshuafuller/sse/v3/client.go:405.39,405.39 0 11
github.com/joshuafuller/sse/v3/client.go:406.11,406.11 0 0
github.com/joshuafuller/sse/v3/client.go:413.48,415.2 1 2
github.com/joshuafuller/sse/v3/client.go:418.45,420.2 1 3
github.com/joshuafuller/sse/v3/client.go:422.86,424.18 2 100
github.com/joshuafuller/sse/v3/client.go:424.18,426.3 1 95
github.com/joshuafuller/sse/v3/client.go:427.2,428.19 2 100
github.com/joshuafuller/sse/v3/client.go:428.19,430.3 1 5
github.com/joshuafuller/sse/v3/client.go:431.2,432.16 2 100
github.com/joshuafuller/sse/v3/client.go:432.16,434.3 1 2
github.com/joshuafuller/sse/v3/client.go:435.2,438.18 2 98
github.com/joshuafuller/sse/v3/client.go:438.18,442.3 3 52
github.com/joshuafuller/sse/v3/client.go:444.2,449.29 5 98
github.com/joshuafuller/sse/v3/client.go:449.29,454.39 1 33
github.com/joshuafuller/sse/v3/client.go:454.39,455.40 1 49
github.com/joshuafuller/sse/v3/client.go:455.40,457.5 1 6
github.com/joshuafuller/sse/v3/client.go:458.4,458.12 1 43
github.com/joshuafuller/sse/v3/client.go:460.3,460.20 1 33
github.com/joshuafuller/sse/v3/client.go:460.20,462.4 1 32
github.com/joshuafuller/sse/v3/client.go:466.2,466.30 1 98
github.com/joshuafuller/sse/v3/client.go:466.30,468.3 1 0
github.com/joshuafuller/sse/v3/client.go:470.2,471.16 2 98
github.com/joshuafuller/sse/v3/client.go:471.16,473.3 1 16
github.com/joshuafuller/sse/v3/client.go:474.2,474.18 1 82
github.com/joshuafuller/sse/v3/client.go:486.39,488.20 2 121
github.com/joshuafuller/sse/v3/client.go:488.20,490.14 2 258
github.com/joshuafuller/sse/v3/client.go:490.14,492.9 2 115
github.com/joshuafuller/sse/v3/client.go:494.3,495.68 2 143
github.com/joshuafuller/sse/v3/client.go:495.68,497.4 1 7
github.com/joshuafuller/sse/v3/client.go:497.9,499.4 1 136
github.com/joshuafuller/sse/v3/client.go:501.2,501.14 1 121
github.com/joshuafuller/sse/v3/client.go:504.69,507.18 2 121
github.com/joshuafuller/sse/v3/client.go:507.18,509.3 1 0
github.com/joshuafuller/sse/v3/client.go:514.2,514.39 1 121
github.com/joshuafuller/sse/v3/client.go:514.39,515.10 1 258
github.com/joshuafuller/sse/v3/client.go:516.40,518.35 2 78
github.com/joshuafuller/sse/v3/client.go:518.35,521.5 2 77
github.com/joshuafuller/sse/v3/client.go:522.42,524.88 1 168
github.com/joshuafuller/sse/v3/client.go:526.69,527.39 1 0
github.com/joshuafuller/sse/v3/client.go:528.43,529.72 1 3
github.com/joshuafuller/sse/v3/client.go:530.43,531.72 1 2
github.com/joshuafuller/sse/v3/client.go:532.11,532.11 0 7
github.com/joshuafuller/sse/v3/client.go:538.2,540.22 2 121
github.com/joshuafuller/sse/v3/client.go:540.22,544.23 3 0
github.com/joshuafuller/sse/v3/client.go:544.23,546.4 1 0
github.com/joshuafuller/sse/v3/client.go:547.3,547.19 1 0
github.com/joshuafuller/sse/v3/client.go:549.2,549.16 1 121
github.com/joshuafuller/sse/v3/client.go:552.42,556.29 3 10
github.com/joshuafuller/sse/v3/client.go:556.29,559.3 2 10
github.com/joshuafuller/sse/v3/client.go:562.47,563.37 1 254
github.com/joshuafuller/sse/v3/client.go:563.37,565.3 1 0
github.com/joshuafuller/sse/v3/client.go:567.2,569.36 2 254
github.com/joshuafuller/sse/v3/client.go:569.36,571.3 1 250
github.com/joshuafuller/sse/v3/client.go:573.2,573.46 1 254
github.com/joshuafuller/sse/v3/client.go:573.46,575.3 1 0
github.com/joshuafuller/sse/v3/client.go:576.2,576.13 1 254
github.com/joshuafuller/sse/v3/event.go:26.35,28.2 1 1125
github.com/joshuafuller/sse/v3/event.go:36.38,39.66 3 60
github.com/joshuafuller/sse/v3/event.go:39.66,41.3 1 1
github.com/joshuafuller/sse/v3/event.go:42.2,42.52 1 59
github.com/joshuafuller/sse/v3/event.go:46.88,51.62 4 60
github.com/joshuafuller/sse/v3/event.go:51.62,52.30 1 234
github.com/joshuafuller/sse/v3/event.go:52.30,54.4 1 48
github.com/joshuafuller/sse/v3/event.go:57.3,57.53 1 186
github.com/joshuafuller/sse/v3/event.go:57.53,59.4 1 115
github.com/joshuafuller/sse/v3/event.go:61.3,61.12 1 71
github.com/joshuafuller/sse/v3/event.go:61.12,63.4 1 1
github.com/joshuafuller/sse/v3/event.go:65.3,65.21 1 70
github.com/joshuafuller/sse/v3/event.go:68.2,72.3 2 60
github.com/joshuafuller/sse/v3/event.go:89.52,104.16 9 186
github.com/joshuafuller/sse/v3/event.go:104.16,106.3 1 71
github.com/joshuafuller/sse/v3/event.go:111.2,112.16 2 115
github.com/joshuafuller/sse/v3/event.go:113.16,114.11 1 1
github.com/joshuafuller/sse/v3/event.go:115.30,116.11 1 1
github.com/joshuafuller/sse/v3/event.go:118.2,118.21 1 115
github.com/joshuafuller/sse/v3/event.go:123.30,124.11 1 1176
github.com/joshuafuller/sse/v3/event.go:124.11,126.3 1 996
github.com/joshuafuller/sse/v3/event.go:127.2,127.11 1 180
github.com/joshuafuller/sse/v3/event.go:127.11,129.3 1 114
github.com/joshuafuller/sse/v3/event.go:130.2,130.11 1 66
github.com/joshuafuller/sse/v3/event.go:130.11,132.3 1 7
github.com/joshuafuller/sse/v3/event.go:133.2,133.10 1 59
github.com/joshuafuller/sse/v3/event.go:137.57,138.22 1 166
github.com/joshuafuller/sse/v3/event.go:138.22,141.3 2 116
github.com/joshuafuller/sse/v3/event.go:142.2,142.40 1 50
github.com/joshuafuller/sse/v3/event.go:142.40,143.30 1 27
github.com/joshuafuller/sse/v3/event.go:143.30,145.4 1 13
github.com/joshuafuller/sse/v3/event.go:146.3,146.18 1 14
github.com/joshuafuller/sse/v3/event.go:148.2,148.20 1 23
github.com/joshuafuller/sse/v3/event_log.go:21.35,22.22 1 1125
github.com/joshuafuller/sse/v3/event_log.go:22.22,24.3 1 1
github.com/joshuafuller/sse/v3/event_log.go:26.2,30.55 4 1124
github.com/joshuafuller/sse/v3/event_log.go:30.55,32.3 1 5
github.com/joshuafuller/sse/v3/event_log.go:36.28,38.2 1 1
github.com/joshuafuller/sse/v3/event_log.go:41.42,42.38 1 39
github.com/joshuafuller/sse/v3/event_log.go:42.38,44.22 2 128
github.com/joshuafuller/sse/v3/event_log.go:44.22,46.4 1 122
github.com/joshuafuller/sse/v3/event_log.go:51.30,53.2 1 3
github.com/joshuafuller/sse/v3/event_log.go:55.42,57.2 1 1124
github.com/joshuafuller/sse/v3/http.go:22.57,23.19 1 426
github.com/joshuafuller/sse/v3/http.go:23.19,25.3 1 9
github.com/joshuafuller/sse/v3/http.go:26.2,26.48 1 417
github.com/joshuafuller/sse/v3/http.go:29.38,30.19 1 120
github.com/joshuafuller/sse/v3/http.go:30.19,32.3 1 2
github.com/joshuafuller/sse/v3/http.go:33.2,33.33 1 118
github.com/joshuafuller/sse/v3/http.go:37.68,39.9 2 53
github.com/joshuafuller/sse/v3/http.go:39.9,42.3 2 1
github.com/joshuafuller/sse/v3/http.go:43.2,43.39 1 52
github.com/joshuafuller/sse/v3/http.go:49.101,54.30 4 53
github.com/joshuafuller/sse/v3/http.go:54.30,56.3 1 0
github.com/joshuafuller/sse/v3/http.go:59.2,60.20 2 53
github.com/joshuafuller/sse/v3/http.go:60.20,63.3 2 0
github.com/joshuafuller/sse/v3/http.go:65.2,67.19 2 53
github.com/joshuafuller/sse/v3/http.go:67.19,68.20 1 19
github.com/joshuafuller/sse/v3/http.go:68.20,71.4 2 18
github.com/joshuafuller/sse/v3/http.go:73.3,73.36 1 1
github.com/joshuafuller/sse/v3/http.go:76.2,77.51 2 35
github.com/joshuafuller/sse/v3/http.go:77.51,82.3 1 3
github.com/joshuafuller/sse/v3/http.go:85.2,86.9 2 35
github.com/joshuafuller/sse/v3/http.go:86.9,89.3 2 1
github.com/joshuafuller/sse/v3/http.go:91.2,91.12 1 34
github.com/joshuafuller/sse/v3/http.go:91.12,96.72 3 34
github.com/joshuafuller/sse/v3/http.go:96.72,98.4 1 1
github.com/joshuafuller/sse/v3/http.go:101.2,106.30 3 34
github.com/joshuafuller/sse/v3/http.go:106.30,108.3 1 1
github.com/joshuafuller/sse/v3/http.go:111.2,113.33 2 34
github.com/joshuafuller/sse/v3/http.go:113.33,115.48 1 120
github.com/joshuafuller/sse/v3/http.go:115.48,116.12 1 1
github.com/joshuafuller/sse/v3/http.go:120.3,120.72 1 119
github.com/joshuafuller/sse/v3/http.go:120.72,121.12 1 2
github.com/joshuafuller/sse/v3/http.go:124.3,124.23 1 117
github.com/joshuafuller/sse/v3/http.go:124.23,132.22 1 116
github.com/joshuafuller/sse/v3/http.go:132.22,134.5 1 109
github.com/joshuafuller/sse/v3/http.go:134.10,134.27 1 7
github.com/joshuafuller/sse/v3/http.go:134.27,136.5 1 2
github.com/joshuafuller/sse/v3/http.go:138.4,138.19 1 116
github.com/joshuafuller/sse/v3/http.go:138.19,140.23 2 28
github.com/joshuafuller/sse/v3/http.go:140.23,142.6 1 224
github.com/joshuafuller/sse/v3/http.go:143.10,144.46 1 88
github.com/joshuafuller/sse/v3/http.go:144.46,146.6 1 0
github.com/joshuafuller/sse/v3/http.go:146.11,148.6 1 88
github.com/joshuafuller/sse/v3/http.go:151.4,151.25 1 116
github.com/joshuafuller/sse/v3/http.go:151.25,153.5 1 0
github.com/joshuafuller/sse/v3/http.go:155.4,155.25 1 116
github.com/joshuafuller/sse/v3/http.go:155.25,157.5 1 1
github.com/joshuafuller/sse/v3/http.go:160.3,160.26 1 117
github.com/joshuafuller/sse/v3/http.go:160.26,162.4 1 1
github.com/joshuafuller/sse/v3/http.go:164.3,168.20 3 117
github.com/joshuafuller/sse/v3/http.go:168.20,169.9 1 1
github.com/joshuafuller/sse/v3/server.go:49.20,57.2 1 42
github.com/joshuafuller/sse/v3/server.go:60.97,70.2 1 1
github.com/joshuafuller/sse/v3/server.go:73.26,77.28 3 43
github.com/joshuafuller/sse/v3/server.go:77.28,80.3 2 37
github.com/joshuafuller/sse/v3/server.go:84.50,88.26 3 40
github.com/joshuafuller/sse/v3/server.go:88.26,90.3 1 1
github.com/joshuafuller/sse/v3/server.go:92.2,97.12 4 39
github.com/joshuafuller/sse/v3/server.go:101.42,105.26 3 5
github.com/joshuafuller/sse/v3/server.go:105.26,108.3 2 2
github.com/joshuafuller/sse/v3/server.go:112.47,114.2 1 0
github.com/joshuafuller/sse/v3/server.go:120.51,122.19 2 100001648
github.com/joshuafuller/sse/v3/server.go:122.19,124.3 1 99999504
github.com/joshuafuller/sse/v3/server.go:126.2,126.9 1 2144
github.com/joshuafuller/sse/v3/server.go:127.21,127.21 0 1
github.com/joshuafuller/sse/v3/server.go:128.40,128.40 0 2143
github.com/joshuafuller/sse/v3/server.go:136.59,138.19 2 0
github.com/joshuafuller/sse/v3/server.go:138.19,140.3 1 0
github.com/joshuafuller/sse/v3/server.go:142.2,142.9 1 0
github.com/joshuafuller/sse/v3/server.go:143.40,144.14 1 0
github.com/joshuafuller/sse/v3/server.go:145.10,146.15 1 0
github.com/joshuafuller/sse/v3/server.go:150.47,154.2 3 100001707
github.com/joshuafuller/sse/v3/server.go:158.47,160.2 1 1
github.com/joshuafuller/sse/v3/server.go:162.47,163.20 1 2144
github.com/joshuafuller/sse/v3/server.go:163.20,167.3 3 0
github.com/joshuafuller/sse/v3/server.go:168.2,168.14 1 2144
github.com/joshuafuller/sse/v3/stream.go:51.78,55.2 3 1
github.com/joshuafuller/sse/v3/stream.go:60.80,64.2 3 1
github.com/joshuafuller/sse/v3/stream.go:67.130,81.2 1 46
github.com/joshuafuller/sse/v3/stream.go:83.26,84.23 1 46
github.com/joshuafuller/sse/v3/stream.go:84.23,85.7 1 46
github.com/joshuafuller/sse/v3/stream.go:85.7,86.11 1 1256
github.com/joshuafuller/sse/v3/stream.go:88.38,90.23 2 57
github.com/joshuafuller/sse/v3/stream.go:90.23,92.6 1 39
github.com/joshuafuller/sse/v3/stream.go:95.40,97.16 2 30
github.com/joshuafuller/sse/v3/stream.go:97.16,99.6 1 30
github.com/joshuafuller/sse/v3/stream.go:101.5,101.33 1 30
github.com/joshuafuller/sse/v3/stream.go:101.33,103.6 1 0
github.com/joshuafuller/sse/v3/stream.go:105.5,108.30 4 30
github.com/joshuafuller/sse/v3/stream.go:108.30,110.6 1 1
github.com/joshuafuller/sse/v3/stream.go:113.30,114.23 1 1124
github.com/joshuafuller/sse/v3/stream.go:114.23,116.6 1 1112
github.com/joshuafuller/sse/v3/stream.go:117.5,117.36 1 1124
github.com/joshuafuller/sse/v3/stream.go:117.36,118.13 1 81
github.com/joshuafuller/sse/v3/stream.go:119.50,119.50 0 80
github.com/joshuafuller/sse/v3/stream.go:120.14,120.14 0 1
github.com/joshuafuller/sse/v3/stream.go:126.20,129.11 2 45
github.com/joshuafuller/sse/v3/stream.go:135.28,136.25 1 46
github.com/joshuafuller/sse/v3/stream.go:136.25,138.3 1 46
github.com/joshuafuller/sse/v3/stream.go:141.53,142.33 1 30
github.com/joshuafuller/sse/v3/stream.go:142.33,143.32 1 30
github.com/joshuafuller/sse/v3/stream.go:143.32,145.4 1 30
github.com/joshuafuller/sse/v3/stream.go:147.2,147.11 1 0
github.com/joshuafuller/sse/v3/stream.go:153.81,155.97 1 59
github.com/joshuafuller/sse/v3/stream.go:155.97,157.3 1 2
github.com/joshuafuller/sse/v3/stream.go:159.2,168.22 3 57
github.com/joshuafuller/sse/v3/stream.go:168.22,170.3 1 1
github.com/joshuafuller/sse/v3/stream.go:172.2,174.28 2 57
github.com/joshuafuller/sse/v3/stream.go:174.28,176.3 1 1
github.com/joshuafuller/sse/v3/stream.go:178.2,181.25 4 57
github.com/joshuafuller/sse/v3/stream.go:181.25,183.3 1 1
github.com/joshuafuller/sse/v3/stream.go:185.2,185.18 1 57
github.com/joshuafuller/sse/v3/stream.go:188.44,191.39 3 30
github.com/joshuafuller/sse/v3/stream.go:191.39,194.3 2 1
github.com/joshuafuller/sse/v3/stream.go:195.2,195.73 1 30
github.com/joshuafuller/sse/v3/stream.go:198.43,199.44 1 45
github.com/joshuafuller/sse/v3/stream.go:199.44,201.40 2 26
github.com/joshuafuller/sse/v3/stream.go:201.40,204.4 2 0
github.com/joshuafuller/sse/v3/stream.go:206.2,207.39 2 45
github.com/joshuafuller/sse/v3/stream.go:210.45,212.2 1 22
github.com/joshuafuller/sse/v3/stream.go:216.42,218.2 1 16
github.com/joshuafuller/sse/v3/subscriber.go:25.30,26.9 1 36
github.com/joshuafuller/sse/v3/subscriber.go:27.19,27.19 0 29
github.com/joshuafuller/sse/v3/subscriber.go:28.22,30.9 1 7
github.com/joshuafuller/sse/v3/subscriber.go:32.2,32.22 1 29
github.com/joshuafuller/sse/v3/subscriber.go:32.22,34.3 1 1
